<?xml version="1.0" encoding="UTF-8"?>
<!-- Generated by org.testng.reporters.JUnitXMLReporter -->
<testsuite hostname="DESKTOP-P0O063R" ignored="0" name="Default test" tests="4" failures="0" timestamp="2020-05-20T21:11:45 ART" time="6.526" errors="0">
  <testcase name="f" time="1.021" classname="Pruebas.Laboratorio4_E1"/>
  <testcase name="ingreso" time="1.607" classname="Pruebas.Laboratorio4_E1"/>
  <testcase name="ingreso" time="1.607" classname="Pruebas.Laboratorio4_E1"/>
  <testcase name="ingreso" time="1.55" classname="Pruebas.Laboratorio4_E1"/>
</testsuite> <!-- Default test -->
