<?xml version="1.0" encoding="UTF-8"?>
<!-- Generated by org.testng.reporters.JUnitXMLReporter -->
<testsuite hostname="DESKTOP-P0O063R" ignored="0" name="Default test" tests="4" failures="0" timestamp="2020-05-20T22:17:44 ART" time="8.831" errors="0">
  <testcase name="f" time="1.077" classname="Pruebas.Test_Laboratorio4_E1"/>
  <testcase name="ingreso" time="2.87" classname="Pruebas.Test_Laboratorio4_E1"/>
  <testcase name="ingreso" time="2.079" classname="Pruebas.Test_Laboratorio4_E1"/>
  <testcase name="ingreso" time="2.264" classname="Pruebas.Test_Laboratorio4_E1"/>
</testsuite> <!-- Default test -->
