<?xml version="1.0" encoding="UTF-8"?>
<!-- Generated by org.testng.reporters.JUnitXMLReporter -->
<testsuite hostname="DESKTOP-P0O063R" ignored="0" name="Test" tests="3" failures="0" timestamp="2020-05-13T21:40:54 ART" time="17.949" errors="0">
  <testcase name="f" time="1.109" classname="Pruebas.Laboratorio3_E2"/>
  <testcase name="ingreso" time="1.872" classname="Pruebas.Laboratorio3_E2"/>
  <testcase name="registroUsuario" time="0.992" classname="Pruebas.Laboratorio3_E1"/>
</testsuite> <!-- Test -->
