<?xml version="1.0" encoding="UTF-8"?>
<testng-results skipped="0" failed="0" ignored="0" total="4" passed="4">
  <reporter-output>
  </reporter-output>
  <suite name="Default suite" duration-ms="6526" started-at="2020-05-20T21:11:39 ART" finished-at="2020-05-20T21:11:45 ART">
    <groups>
    </groups>
    <test name="Default test" duration-ms="6526" started-at="2020-05-20T21:11:39 ART" finished-at="2020-05-20T21:11:45 ART">
      <class name="Pruebas.Laboratorio4_E1">
        <test-method status="PASS" signature="setUp()[pri:0, instance:Pruebas.Laboratorio4_E1@53f65459]" name="setUp" is-config="true" duration-ms="8564" started-at="2020-05-20T21:11:30 ART" finished-at="2020-05-20T21:11:39 ART">
          <reporter-output>
          </reporter-output>
        </test-method> <!-- setUp -->
        <test-method status="PASS" signature="f()[pri:0, instance:Pruebas.Laboratorio4_E1@53f65459]" name="f" duration-ms="1021" started-at="2020-05-20T21:11:39 ART" finished-at="2020-05-20T21:11:40 ART">
          <reporter-output>
          </reporter-output>
        </test-method> <!-- f -->
        <test-method status="PASS" signature="ingreso(java.lang.String, java.lang.String)[pri:1, instance:Pruebas.Laboratorio4_E1@53f65459]" name="ingreso" duration-ms="1607" started-at="2020-05-20T21:11:41 ART" data-provider="Registro Invalido Excel" finished-at="2020-05-20T21:11:42 ART">
          <params>
            <param index="0">
              <value>
                <![CDATA[Nadia]]>
              </value>
            </param>
            <param index="1">
              <value>
                <![CDATA[asdas4556]]>
              </value>
            </param>
          </params>
          <reporter-output>
          </reporter-output>
        </test-method> <!-- ingreso -->
        <test-method status="PASS" signature="ingreso(java.lang.String, java.lang.String)[pri:1, instance:Pruebas.Laboratorio4_E1@53f65459]" name="ingreso" duration-ms="1607" started-at="2020-05-20T21:11:42 ART" data-provider="Registro Invalido Excel" finished-at="2020-05-20T21:11:44 ART">
          <params>
            <param index="0">
              <value>
                <![CDATA[Pedro]]>
              </value>
            </param>
            <param index="1">
              <value>
                <![CDATA[xkxa99]]>
              </value>
            </param>
          </params>
          <reporter-output>
          </reporter-output>
        </test-method> <!-- ingreso -->
        <test-method status="PASS" signature="ingreso(java.lang.String, java.lang.String)[pri:1, instance:Pruebas.Laboratorio4_E1@53f65459]" name="ingreso" duration-ms="1550" started-at="2020-05-20T21:11:44 ART" data-provider="Registro Invalido Excel" finished-at="2020-05-20T21:11:45 ART">
          <params>
            <param index="0">
              <value>
                <![CDATA[Daniela]]>
              </value>
            </param>
            <param index="1">
              <value>
                <![CDATA[mbnbks72]]>
              </value>
            </param>
          </params>
          <reporter-output>
          </reporter-output>
        </test-method> <!-- ingreso -->
        <test-method status="PASS" signature="afterSuite()[pri:0, instance:Pruebas.Laboratorio4_E1@53f65459]" name="afterSuite" is-config="true" duration-ms="637" started-at="2020-05-20T21:11:45 ART" finished-at="2020-05-20T21:11:46 ART">
          <reporter-output>
          </reporter-output>
        </test-method> <!-- afterSuite -->
      </class> <!-- Pruebas.Laboratorio4_E1 -->
    </test> <!-- Default test -->
  </suite> <!-- Default suite -->
</testng-results>
